[2024-09-30 13:45:16.372] [tiledb-vcf] [Process: 2152426] [Thread: 2152426] [info] Version:
TileDB-VCF version 0f72331-modified
TileDB version 2.16.3
htslib version 1.16
[2024-09-30 13:45:16.372] [tiledb-vcf] [Process: 2152426] [Thread: 2152426] [info] Command options:
uri="/scratch/PHG/PHGv2Tools/PHGv2Tools/Example_database/temp/gvcf_dataset"
attributes="[]"
vcf-attributes=""
anchor-gap=1000000
no-duplicates=true
compress-sample-dim=false
compression-level=4
enable-allele-count=false
enable-variant-stats=false
tile-capacity=10000
tiledb-config="[]"
checksum=13
log-level="debug"
log-file="/scratch/PHG/PHGv2Tools/PHGv2Tools/Example_database/temp/temp/tiledbvcf_createHvcf.log"

[2024-09-30 13:45:16.418] [tiledb-vcf] [Process: 2152426] [Thread: 2152426] [debug] Adding array name='vcf_headers' uri='metadata/vcf_headers' to group uri='/scratch/PHG/PHGv2Tools/PHGv2Tools/Example_database/temp/gvcf_dataset'
[2024-09-30 13:45:16.422] [tiledb-vcf] [Process: 2152426] [Thread: 2152426] [debug] Adding array name='data' uri='data' to group uri='/scratch/PHG/PHGv2Tools/PHGv2Tools/Example_database/temp/gvcf_dataset'
[2024-09-30 13:45:16.425] [tiledb-vcf] [Process: 2152426] [Thread: 2152426] [debug] AlleleCount: Create array
[2024-09-30 13:45:16.428] [tiledb-vcf] [Process: 2152426] [Thread: 2152426] [debug] Adding array 'allele_count' to group '/scratch/PHG/PHGv2Tools/PHGv2Tools/Example_database/temp/gvcf_dataset'
[2024-09-30 13:45:16.432] [tiledb-vcf] [Process: 2152426] [Thread: 2152426] [debug] VariantStats: Create array
[2024-09-30 13:45:16.436] [tiledb-vcf] [Process: 2152426] [Thread: 2152426] [debug] Adding array 'variant_stats' to group '/scratch/PHG/PHGv2Tools/PHGv2Tools/Example_database/temp/gvcf_dataset'
[2024-09-30 13:45:16.443] [tiledb-vcf] [Process: 2152426] [Thread: 2152426] [debug] TileDB Groups: 
gvcf_dataset GROUP
|-- variant_stats ARRAY
|-- allele_count ARRAY
|-- data ARRAY
|-- vcf_headers ARRAY

[2024-09-30 13:45:16.443] [tiledb-vcf] [Process: 2152426] [Thread: 2152426] [debug] Group member name='vcf_headers' uri='file:///scratch/PHG/PHGv2Tools/PHGv2Tools/Example_database/temp/gvcf_dataset/metadata/vcf_headers'
[2024-09-30 13:45:16.443] [tiledb-vcf] [Process: 2152426] [Thread: 2152426] [debug] Group member name='data' uri='file:///scratch/PHG/PHGv2Tools/PHGv2Tools/Example_database/temp/gvcf_dataset/data'
[2024-09-30 13:45:16.443] [tiledb-vcf] [Process: 2152426] [Thread: 2152426] [debug] Group member name='allele_count' uri='file:///scratch/PHG/PHGv2Tools/PHGv2Tools/Example_database/temp/gvcf_dataset/allele_count'
[2024-09-30 13:45:16.443] [tiledb-vcf] [Process: 2152426] [Thread: 2152426] [debug] Group member name='variant_stats' uri='file:///scratch/PHG/PHGv2Tools/PHGv2Tools/Example_database/temp/gvcf_dataset/variant_stats'

