[2024-09-30 13:45:15.690] [tiledb-vcf] [Process: 2152012] [Thread: 2152012] [info] Version:
TileDB-VCF version 0f72331-modified
TileDB version 2.16.3
htslib version 1.16
[2024-09-30 13:45:15.690] [tiledb-vcf] [Process: 2152012] [Thread: 2152012] [info] Command options:
uri="/scratch/PHG/PHGv2Tools/PHGv2Tools/Example_database/temp/hvcf_dataset"
attributes="[]"
vcf-attributes=""
anchor-gap=1000
no-duplicates=true
compress-sample-dim=false
compression-level=4
enable-allele-count=false
enable-variant-stats=false
tile-capacity=10000
tiledb-config="[]"
checksum=13
log-level="debug"
log-file="/scratch/PHG/PHGv2Tools/PHGv2Tools/Example_database/temp/temp/tiledbvcf_createHvcf.log"

[2024-09-30 13:45:15.744] [tiledb-vcf] [Process: 2152012] [Thread: 2152012] [debug] Adding array name='vcf_headers' uri='metadata/vcf_headers' to group uri='/scratch/PHG/PHGv2Tools/PHGv2Tools/Example_database/temp/hvcf_dataset'
[2024-09-30 13:45:15.749] [tiledb-vcf] [Process: 2152012] [Thread: 2152012] [debug] Adding array name='data' uri='data' to group uri='/scratch/PHG/PHGv2Tools/PHGv2Tools/Example_database/temp/hvcf_dataset'
[2024-09-30 13:45:15.751] [tiledb-vcf] [Process: 2152012] [Thread: 2152012] [debug] AlleleCount: Create array
[2024-09-30 13:45:15.754] [tiledb-vcf] [Process: 2152012] [Thread: 2152012] [debug] Adding array 'allele_count' to group '/scratch/PHG/PHGv2Tools/PHGv2Tools/Example_database/temp/hvcf_dataset'
[2024-09-30 13:45:15.758] [tiledb-vcf] [Process: 2152012] [Thread: 2152012] [debug] VariantStats: Create array
[2024-09-30 13:45:15.761] [tiledb-vcf] [Process: 2152012] [Thread: 2152012] [debug] Adding array 'variant_stats' to group '/scratch/PHG/PHGv2Tools/PHGv2Tools/Example_database/temp/hvcf_dataset'
[2024-09-30 13:45:15.769] [tiledb-vcf] [Process: 2152012] [Thread: 2152012] [debug] TileDB Groups: 
hvcf_dataset GROUP
|-- variant_stats ARRAY
|-- allele_count ARRAY
|-- data ARRAY
|-- vcf_headers ARRAY

[2024-09-30 13:45:15.769] [tiledb-vcf] [Process: 2152012] [Thread: 2152012] [debug] Group member name='vcf_headers' uri='file:///scratch/PHG/PHGv2Tools/PHGv2Tools/Example_database/temp/hvcf_dataset/metadata/vcf_headers'
[2024-09-30 13:45:15.769] [tiledb-vcf] [Process: 2152012] [Thread: 2152012] [debug] Group member name='data' uri='file:///scratch/PHG/PHGv2Tools/PHGv2Tools/Example_database/temp/hvcf_dataset/data'
[2024-09-30 13:45:15.769] [tiledb-vcf] [Process: 2152012] [Thread: 2152012] [debug] Group member name='allele_count' uri='file:///scratch/PHG/PHGv2Tools/PHGv2Tools/Example_database/temp/hvcf_dataset/allele_count'
[2024-09-30 13:45:15.769] [tiledb-vcf] [Process: 2152012] [Thread: 2152012] [debug] Group member name='variant_stats' uri='file:///scratch/PHG/PHGv2Tools/PHGv2Tools/Example_database/temp/hvcf_dataset/variant_stats'

